     1 00000000                                 ;hello-os
     2 00000000                                 ;TAB=4
     3                                          	ORG				0x7c00					;start address
     4 00007C00 EB 4E                           	JMP				entry
     5 00007C02 90                              	DB				0x90
     6 00007C03 48 45 4C 4C 4F 49 50 4C         	DB				"HELLOIPL"				;boot section name 
     7 00007C0B 0200                            	DW				512						;sector size must 512bytes
     8 00007C0D 01                              	DB				1						;cluster size must 1
     9 00007C0E 0001                            	DW				1						;FAT start
    10 00007C10 02                              	DB				2						;FAT count must 2
    11 00007C11 00E0                            	DW				224						;root dir size usually 2
    12 00007C13 0B40                            	DW				2880					;floppy size 2880 sectors
    13 00007C15 F0                              	DB				0xf0						;disk type
    14 00007C16 0009                            	DW				9						;FAT length must 9
    15 00007C18 0012                            	DW				18						; 1 track = 18 sectors
    16 00007C1A 0002                            	DW				2						;heads must 2
    17 00007C1C 00000000                        	DD				0						;
    18 00007C20 00000B40                        	DD				2880					;
    19 00007C24 00 00 29                        	DB				0,0,0x29					;
    20 00007C27 FFFFFFFF                        	DD				0xffffffff					;
    21 00007C2B 48 45 4C 4C 4F 5F 4F 53 20 20   	DB				"HELLO_OS   "				;disk name 
       00007C35 20 
    22 00007C36 46 41 54 31 32 20 20 20         	DB				"FAT12   "				;disk format 
    23 00007C3E 00 00 00 00 00 00 00 00 00 00   	RESB			18						;
       00007C48 00 00 00 00 00 00 00 00 
    24 00007C50                                 	
    25 00007C50                                 ;key code
    26 00007C50                                 entry:
    27 00007C50 B8 0000                         	MOV				AX,0						;init reg
    28 00007C53 8E D0                           	MOV				SS,AX
    29 00007C55 BC 7C00                         	MOV				SP,0X7C00
    30 00007C58 8E D8                           	MOV				DS,AX
    31 00007C5A 8E C0                           	MOV				ES,AX
    32 00007C5C 89 C6                           	MOV				SI,AX
    33 00007C5E BE 7C76                         	MOV				SI,msg
    34 00007C61                                 
    35 00007C61                                 putloop:
    36 00007C61 8A 04                           	MOV				AL,[SI]
    37 00007C63 83 C6 01                        	ADD				SI,1
    38 00007C66 3C 00                           	CMP				AL,0
    39 00007C68 74 09                           	JE				fin
    40 00007C6A B4 0E                           	MOV				AH,0X0E					;display
    41 00007C6C BB 000F                         	MOV				BX,15
    42 00007C6F CD 10                           	INT				0X10					;call graphics card
    43 00007C71 EB EE                           	JMP				putloop
    44 00007C73                                 fin:
    45 00007C73 F4                              	HLT
    46 00007C74 EB FD                           	JMP				fin
    47 00007C76                                 msg:
    48 00007C76 0A 0A                           	DB				0X0A,0X0A
    49 00007C78 68 65 6C 6C 6F 2C 77 6F 72 6C   	DB				"hello,world"
       00007C82 64 
    50 00007C83 0A                              	DB				0X0A
    51 00007C84 00                              	DB				0
    52 00007C85 00 00 00 00 00 00 00 00 00 00   	RESB			0X7DFE-$
       00007C8F 00 00 00 00 00 00 00 00 00 00 
       00007C99 00 00 00 00 00 00 00 00 00 00 
       00007CA3 00 00 00 00 00 00 00 00 00 00 
       00007CAD 00 00 00 00 00 00 00 00 00 00 
       00007CB7 00 00 00 00 00 00 00 00 00 00 
       00007CC1 00 00 00 00 00 00 00 00 00 00 
       00007CCB 00 00 00 00 00 00 00 00 00 00 
       00007CD5 00 00 00 00 00 00 00 00 00 00 
       00007CDF 00 00 00 00 00 00 00 00 00 00 
       00007CE9 00 00 00 00 00 00 00 00 00 00 
       00007CF3 00 00 00 00 00 00 00 00 00 00 
       00007CFD 00 00 00 00 00 00 00 00 00 00 
       00007D07 00 00 00 00 00 00 00 00 00 00 
       00007D11 00 00 00 00 00 00 00 00 00 00 
       00007D1B 00 00 00 00 00 00 00 00 00 00 
       00007D25 00 00 00 00 00 00 00 00 00 00 
       00007D2F 00 00 00 00 00 00 00 00 00 00 
       00007D39 00 00 00 00 00 00 00 00 00 00 
       00007D43 00 00 00 00 00 00 00 00 00 00 
       00007D4D 00 00 00 00 00 00 00 00 00 00 
       00007D57 00 00 00 00 00 00 00 00 00 00 
       00007D61 00 00 00 00 00 00 00 00 00 00 
       00007D6B 00 00 00 00 00 00 00 00 00 00 
       00007D75 00 00 00 00 00 00 00 00 00 00 
       00007D7F 00 00 00 00 00 00 00 00 00 00 
       00007D89 00 00 00 00 00 00 00 00 00 00 
       00007D93 00 00 00 00 00 00 00 00 00 00 
       00007D9D 00 00 00 00 00 00 00 00 00 00 
       00007DA7 00 00 00 00 00 00 00 00 00 00 
       00007DB1 00 00 00 00 00 00 00 00 00 00 
       00007DBB 00 00 00 00 00 00 00 00 00 00 
       00007DC5 00 00 00 00 00 00 00 00 00 00 
       00007DCF 00 00 00 00 00 00 00 00 00 00 
       00007DD9 00 00 00 00 00 00 00 00 00 00 
       00007DE3 00 00 00 00 00 00 00 00 00 00 
       00007DED 00 00 00 00 00 00 00 00 00 00 
       00007DF7 00 00 00 00 00 00 00 
    53 00007DFE 55 AA                           	DB				0X55,0XAA
    54 00007E00                                 ;	DB				0xf0, 0xff, 0xff, 0x00, 0x00, 0x00, 0x00, 0x00
    55 00007E00                                 ;	RESB			4600
    56 00007E00                                 ;	DB				0xf0, 0xff, 0xff, 0x00, 0x00, 0x00, 0x00, 0x00
    57 00007E00                                 ;	RESB			1469432